<?xml version="1.0" encoding="UTF-8"?>
<testsuite xmlns:xsi="http://www.w3.org/2001/XMLSchema-instance" xsi:noNamespaceSchemaLocation="https://maven.apache.org/surefire/maven-surefire-plugin/xsd/surefire-test-report-3.0.xsd" version="3.0" name="vn.demo.starter.StarterApplicationTests" time="16.781" tests="1" errors="0" skipped="0" failures="0">
  <properties>
[...]
</properties>
  <testcase name="contextLoads" classname="vn.demo.starter.StarterApplicationTests" time="1.33">
    <system-out><![CDATA[12:00:17.526 [main] INFO org.springframework.test.context.support.AnnotationConfigContextLoaderUtils -- Could not detect default configuration classes for test class [vn.demo.starter.StarterApplicationTests]: StarterApplicationTests does not declare any static, non-private, non-final, nested classes annotated with @Configuration.
12:00:17.747 [main] INFO org.springframework.boot.test.context.SpringBootTestContextBootstrapper -- Found @SpringBootConfiguration vn.demo.starter.StarterApplication for test class vn.demo.starter.StarterApplicationTests
12:00:17.995 [main] INFO org.springframework.boot.devtools.restart.RestartApplicationListener -- Restart disabled due to context in which it is running

  .   ____          _            __ _ _
 /\\ / ___'_ __ _ _(_)_ __  __ _ \ \ \ \
( ( )\___ | '_ | '_| | '_ \/ _` | \ \ \ \
 \\/  ___)| |_)| | | | | || (_| |  ) ) ) )
  '  |____| .__|_| |_|_| |_\__, | / / / /
 =========|_|==============|___/=/_/_/_/
&amp#27;[32m :: Spring Boot :: &amp#27;[39m              &amp#27;[2m (v3.2.5)&amp#27;[0;39m

&amp#27;[2m2024-09-16T12:00:18.809+07:00&amp#27;[0;39m &amp#27;[32m INFO&amp#27;[0;39m &amp#27;[35m72504&amp#27;[0;39m &amp#27;[2m---&amp#27;[0;39m &amp#27;[2m[starter-service] [           main]&amp#27;[0;39m &amp#27;[2m&amp#27;[0;39m&amp#27;[36mv.demo.starter.StarterApplicationTests  &amp#27;[0;39m &amp#27;[2m:&amp#27;[0;39m Starting StarterApplicationTests using Java 22.0.1 with PID 72504 (started by trinh in /Users/trinh/Documents/work/demo-me-rb/BE)
&amp#27;[2m2024-09-16T12:00:18.813+07:00&amp#27;[0;39m &amp#27;[32m INFO&amp#27;[0;39m &amp#27;[35m72504&amp#27;[0;39m &amp#27;[2m---&amp#27;[0;39m &amp#27;[2m[starter-service] [           main]&amp#27;[0;39m &amp#27;[2m&amp#27;[0;39m&amp#27;[36mv.demo.starter.StarterApplicationTests  &amp#27;[0;39m &amp#27;[2m:&amp#27;[0;39m The following 1 profile is active: "local"
&amp#27;[2m2024-09-16T12:00:20.963+07:00&amp#27;[0;39m &amp#27;[32m INFO&amp#27;[0;39m &amp#27;[35m72504&amp#27;[0;39m &amp#27;[2m---&amp#27;[0;39m &amp#27;[2m[starter-service] [           main]&amp#27;[0;39m &amp#27;[2m&amp#27;[0;39m&amp#27;[36m.s.d.r.c.RepositoryConfigurationDelegate&amp#27;[0;39m &amp#27;[2m:&amp#27;[0;39m Multiple Spring Data modules found, entering strict repository configuration mode
&amp#27;[2m2024-09-16T12:00:20.965+07:00&amp#27;[0;39m &amp#27;[32m INFO&amp#27;[0;39m &amp#27;[35m72504&amp#27;[0;39m &amp#27;[2m---&amp#27;[0;39m &amp#27;[2m[starter-service] [           main]&amp#27;[0;39m &amp#27;[2m&amp#27;[0;39m&amp#27;[36m.s.d.r.c.RepositoryConfigurationDelegate&amp#27;[0;39m &amp#27;[2m:&amp#27;[0;39m Bootstrapping Spring Data JPA repositories in DEFAULT mode.
&amp#27;[2m2024-09-16T12:00:21.255+07:00&amp#27;[0;39m &amp#27;[32m INFO&amp#27;[0;39m &amp#27;[35m72504&amp#27;[0;39m &amp#27;[2m---&amp#27;[0;39m &amp#27;[2m[starter-service] [           main]&amp#27;[0;39m &amp#27;[2m&amp#27;[0;39m&amp#27;[36m.s.d.r.c.RepositoryConfigurationDelegate&amp#27;[0;39m &amp#27;[2m:&amp#27;[0;39m Finished Spring Data repository scanning in 283 ms. Found 11 JPA repository interfaces.
&amp#27;[2m2024-09-16T12:00:21.357+07:00&amp#27;[0;39m &amp#27;[32m INFO&amp#27;[0;39m &amp#27;[35m72504&amp#27;[0;39m &amp#27;[2m---&amp#27;[0;39m &amp#27;[2m[starter-service] [           main]&amp#27;[0;39m &amp#27;[2m&amp#27;[0;39m&amp#27;[36m.s.d.r.c.RepositoryConfigurationDelegate&amp#27;[0;39m &amp#27;[2m:&amp#27;[0;39m Multiple Spring Data modules found, entering strict repository configuration mode
&amp#27;[2m2024-09-16T12:00:21.358+07:00&amp#27;[0;39m &amp#27;[32m INFO&amp#27;[0;39m &amp#27;[35m72504&amp#27;[0;39m &amp#27;[2m---&amp#27;[0;39m &amp#27;[2m[starter-service] [           main]&amp#27;[0;39m &amp#27;[2m&amp#27;[0;39m&amp#27;[36m.s.d.r.c.RepositoryConfigurationDelegate&amp#27;[0;39m &amp#27;[2m:&amp#27;[0;39m Bootstrapping Spring Data MongoDB repositories in DEFAULT mode.
&amp#27;[2m2024-09-16T12:00:21.384+07:00&amp#27;[0;39m &amp#27;[32m INFO&amp#27;[0;39m &amp#27;[35m72504&amp#27;[0;39m &amp#27;[2m---&amp#27;[0;39m &amp#27;[2m[starter-service] [           main]&amp#27;[0;39m &amp#27;[2m&amp#27;[0;39m&amp#27;[36m.RepositoryConfigurationExtensionSupport&amp#27;[0;39m &amp#27;[2m:&amp#27;[0;39m Spring Data MongoDB - Could not safely identify store assignment for repository candidate interface vn.demo.starter.repository.AssetRepository; If you want this repository to be a MongoDB repository, consider annotating your entities with one of these annotations: org.springframework.data.mongodb.core.mapping.Document (preferred), or consider extending one of the following types with your repository: org.springframework.data.mongodb.repository.MongoRepository
&amp#27;[2m2024-09-16T12:00:21.385+07:00&amp#27;[0;39m &amp#27;[32m INFO&amp#27;[0;39m &amp#27;[35m72504&amp#27;[0;39m &amp#27;[2m---&amp#27;[0;39m &amp#27;[2m[starter-service] [           main]&amp#27;[0;39m &amp#27;[2m&amp#27;[0;39m&amp#27;[36m.RepositoryConfigurationExtensionSupport&amp#27;[0;39m &amp#27;[2m:&amp#27;[0;39m Spring Data MongoDB - Could not safely identify store assignment for repository candidate interface vn.demo.starter.repository.ChainRepository; If you want this repository to be a MongoDB repository, consider annotating your entities with one of these annotations: org.springframework.data.mongodb.core.mapping.Document (preferred), or consider extending one of the following types with your repository: org.springframework.data.mongodb.repository.MongoRepository
&amp#27;[2m2024-09-16T12:00:21.385+07:00&amp#27;[0;39m &amp#27;[32m INFO&amp#27;[0;39m &amp#27;[35m72504&amp#27;[0;39m &amp#27;[2m---&amp#27;[0;39m &amp#27;[2m[starter-service] [           main]&amp#27;[0;39m &amp#27;[2m&amp#27;[0;39m&amp#27;[36m.RepositoryConfigurationExtensionSupport&amp#27;[0;39m &amp#27;[2m:&amp#27;[0;39m Spring Data MongoDB - Could not safely identify store assignment for repository candidate interface vn.demo.starter.repository.CoinRepository; If you want this repository to be a MongoDB repository, consider annotating your entities with one of these annotations: org.springframework.data.mongodb.core.mapping.Document (preferred), or consider extending one of the following types with your repository: org.springframework.data.mongodb.repository.MongoRepository
&amp#27;[2m2024-09-16T12:00:21.386+07:00&amp#27;[0;39m &amp#27;[32m INFO&amp#27;[0;39m &amp#27;[35m72504&amp#27;[0;39m &amp#27;[2m---&amp#27;[0;39m &amp#27;[2m[starter-service] [           main]&amp#27;[0;39m &amp#27;[2m&amp#27;[0;39m&amp#27;[36m.RepositoryConfigurationExtensionSupport&amp#27;[0;39m &amp#27;[2m:&amp#27;[0;39m Spring Data MongoDB - Could not safely identify store assignment for repository candidate interface vn.demo.starter.repository.P2POrderRepository; If you want this repository to be a MongoDB repository, consider annotating your entities with one of these annotations: org.springframework.data.mongodb.core.mapping.Document (preferred), or consider extending one of the following types with your repository: org.springframework.data.mongodb.repository.MongoRepository
&amp#27;[2m2024-09-16T12:00:21.386+07:00&amp#27;[0;39m &amp#27;[32m INFO&amp#27;[0;39m &amp#27;[35m72504&amp#27;[0;39m &amp#27;[2m---&amp#27;[0;39m &amp#27;[2m[starter-service] [           main]&amp#27;[0;39m &amp#27;[2m&amp#27;[0;39m&amp#27;[36m.RepositoryConfigurationExtensionSupport&amp#27;[0;39m &amp#27;[2m:&amp#27;[0;39m Spring Data MongoDB - Could not safely identify store assignment for repository candidate interface vn.demo.starter.repository.P2PTransactionRepository; If you want this repository to be a MongoDB repository, consider annotating your entities with one of these annotations: org.springframework.data.mongodb.core.mapping.Document (preferred), or consider extending one of the following types with your repository: org.springframework.data.mongodb.repository.MongoRepository
&amp#27;[2m2024-09-16T12:00:21.386+07:00&amp#27;[0;39m &amp#27;[32m INFO&amp#27;[0;39m &amp#27;[35m72504&amp#27;[0;39m &amp#27;[2m---&amp#27;[0;39m &amp#27;[2m[starter-service] [           main]&amp#27;[0;39m &amp#27;[2m&amp#27;[0;39m&amp#27;[36m.RepositoryConfigurationExtensionSupport&amp#27;[0;39m &amp#27;[2m:&amp#27;[0;39m Spring Data MongoDB - Could not safely identify store assignment for repository candidate interface vn.demo.starter.repository.UserCryptoWalletRepository; If you want this repository to be a MongoDB repository, consider annotating your entities with one of these annotations: org.springframework.data.mongodb.core.mapping.Document (preferred), or consider extending one of the following types with your repository: org.springframework.data.mongodb.repository.MongoRepository
&amp#27;[2m2024-09-16T12:00:21.387+07:00&amp#27;[0;39m &amp#27;[32m INFO&amp#27;[0;39m &amp#27;[35m72504&amp#27;[0;39m &amp#27;[2m---&amp#27;[0;39m &amp#27;[2m[starter-service] [           main]&amp#27;[0;39m &amp#27;[2m&amp#27;[0;39m&amp#27;[36m.RepositoryConfigurationExtensionSupport&amp#27;[0;39m &amp#27;[2m:&amp#27;[0;39m Spring Data MongoDB - Could not safely identify store assignment for repository candidate interface vn.demo.starter.repository.UserDetailRepository; If you want this repository to be a MongoDB repository, consider annotating your entities with one of these annotations: org.springframework.data.mongodb.core.mapping.Document (preferred), or consider extending one of the following types with your repository: org.springframework.data.mongodb.repository.MongoRepository
&amp#27;[2m2024-09-16T12:00:21.387+07:00&amp#27;[0;39m &amp#27;[32m INFO&amp#27;[0;39m &amp#27;[35m72504&amp#27;[0;39m &amp#27;[2m---&amp#27;[0;39m &amp#27;[2m[starter-service] [           main]&amp#27;[0;39m &amp#27;[2m&amp#27;[0;39m&amp#27;[36m.RepositoryConfigurationExtensionSupport&amp#27;[0;39m &amp#27;[2m:&amp#27;[0;39m Spring Data MongoDB - Could not safely identify store assignment for repository candidate interface vn.demo.starter.repository.UserRepository; If you want this repository to be a MongoDB repository, consider annotating your entities with one of these annotations: org.springframework.data.mongodb.core.mapping.Document (preferred), or consider extending one of the following types with your repository: org.springframework.data.mongodb.repository.MongoRepository
&amp#27;[2m2024-09-16T12:00:21.387+07:00&amp#27;[0;39m &amp#27;[32m INFO&amp#27;[0;39m &amp#27;[35m72504&amp#27;[0;39m &amp#27;[2m---&amp#27;[0;39m &amp#27;[2m[starter-service] [           main]&amp#27;[0;39m &amp#27;[2m&amp#27;[0;39m&amp#27;[36m.RepositoryConfigurationExtensionSupport&amp#27;[0;39m &amp#27;[2m:&amp#27;[0;39m Spring Data MongoDB - Could not safely identify store assignment for repository candidate interface vn.demo.starter.repository.UserSessionRepository; If you want this repository to be a MongoDB repository, consider annotating your entities with one of these annotations: org.springframework.data.mongodb.core.mapping.Document (preferred), or consider extending one of the following types with your repository: org.springframework.data.mongodb.repository.MongoRepository
&amp#27;[2m2024-09-16T12:00:21.388+07:00&amp#27;[0;39m &amp#27;[32m INFO&amp#27;[0;39m &amp#27;[35m72504&amp#27;[0;39m &amp#27;[2m---&amp#27;[0;39m &amp#27;[2m[starter-service] [           main]&amp#27;[0;39m &amp#27;[2m&amp#27;[0;39m&amp#27;[36m.RepositoryConfigurationExtensionSupport&amp#27;[0;39m &amp#27;[2m:&amp#27;[0;39m Spring Data MongoDB - Could not safely identify store assignment for repository candidate interface vn.demo.starter.repository.UserWalletRepository; If you want this repository to be a MongoDB repository, consider annotating your entities with one of these annotations: org.springframework.data.mongodb.core.mapping.Document (preferred), or consider extending one of the following types with your repository: org.springframework.data.mongodb.repository.MongoRepository
&amp#27;[2m2024-09-16T12:00:21.406+07:00&amp#27;[0;39m &amp#27;[32m INFO&amp#27;[0;39m &amp#27;[35m72504&amp#27;[0;39m &amp#27;[2m---&amp#27;[0;39m &amp#27;[2m[starter-service] [           main]&amp#27;[0;39m &amp#27;[2m&amp#27;[0;39m&amp#27;[36m.s.d.r.c.RepositoryConfigurationDelegate&amp#27;[0;39m &amp#27;[2m:&amp#27;[0;39m Finished Spring Data repository scanning in 48 ms. Found 1 MongoDB repository interface.
&amp#27;[2m2024-09-16T12:00:22.778+07:00&amp#27;[0;39m &amp#27;[32m INFO&amp#27;[0;39m &amp#27;[35m72504&amp#27;[0;39m &amp#27;[2m---&amp#27;[0;39m &amp#27;[2m[starter-service] [           main]&amp#27;[0;39m &amp#27;[2m&amp#27;[0;39m&amp#27;[36mcom.zaxxer.hikari.HikariDataSource      &amp#27;[0;39m &amp#27;[2m:&amp#27;[0;39m Hikari - Starting...
&amp#27;[2m2024-09-16T12:00:22.981+07:00&amp#27;[0;39m &amp#27;[32m INFO&amp#27;[0;39m &amp#27;[35m72504&amp#27;[0;39m &amp#27;[2m---&amp#27;[0;39m &amp#27;[2m[starter-service] [           main]&amp#27;[0;39m &amp#27;[2m&amp#27;[0;39m&amp#27;[36mcom.zaxxer.hikari.pool.HikariPool       &amp#27;[0;39m &amp#27;[2m:&amp#27;[0;39m Hikari - Added connection com.mysql.cj.jdbc.ConnectionImpl@adafe19
&amp#27;[2m2024-09-16T12:00:22.986+07:00&amp#27;[0;39m &amp#27;[32m INFO&amp#27;[0;39m &amp#27;[35m72504&amp#27;[0;39m &amp#27;[2m---&amp#27;[0;39m &amp#27;[2m[starter-service] [           main]&amp#27;[0;39m &amp#27;[2m&amp#27;[0;39m&amp#27;[36mcom.zaxxer.hikari.HikariDataSource      &amp#27;[0;39m &amp#27;[2m:&amp#27;[0;39m Hikari - Start completed.
&amp#27;[2m2024-09-16T12:00:24.372+07:00&amp#27;[0;39m &amp#27;[32m INFO&amp#27;[0;39m &amp#27;[35m72504&amp#27;[0;39m &amp#27;[2m---&amp#27;[0;39m &amp#27;[2m[starter-service] [           main]&amp#27;[0;39m &amp#27;[2m&amp#27;[0;39m&amp#27;[36mliquibase.changelog                     &amp#27;[0;39m &amp#27;[2m:&amp#27;[0;39m Reading from p2p_trading.databasechangelog
Database is up to date, no changesets to execute
&amp#27;[2m2024-09-16T12:00:24.640+07:00&amp#27;[0;39m &amp#27;[32m INFO&amp#27;[0;39m &amp#27;[35m72504&amp#27;[0;39m &amp#27;[2m---&amp#27;[0;39m &amp#27;[2m[starter-service] [           main]&amp#27;[0;39m &amp#27;[2m&amp#27;[0;39m&amp#27;[36mliquibase.changelog                     &amp#27;[0;39m &amp#27;[2m:&amp#27;[0;39m Reading from p2p_trading.databasechangelog
&amp#27;[2m2024-09-16T12:00:24.658+07:00&amp#27;[0;39m &amp#27;[32m INFO&amp#27;[0;39m &amp#27;[35m72504&amp#27;[0;39m &amp#27;[2m---&amp#27;[0;39m &amp#27;[2m[starter-service] [           main]&amp#27;[0;39m &amp#27;[2m&amp#27;[0;39m&amp#27;[36mliquibase.util                          &amp#27;[0;39m &amp#27;[2m:&amp#27;[0;39m UPDATE SUMMARY
&amp#27;[2m2024-09-16T12:00:24.658+07:00&amp#27;[0;39m &amp#27;[32m INFO&amp#27;[0;39m &amp#27;[35m72504&amp#27;[0;39m &amp#27;[2m---&amp#27;[0;39m &amp#27;[2m[starter-service] [           main]&amp#27;[0;39m &amp#27;[2m&amp#27;[0;39m&amp#27;[36mliquibase.util                          &amp#27;[0;39m &amp#27;[2m:&amp#27;[0;39m Run:                          0
&amp#27;[2m2024-09-16T12:00:24.658+07:00&amp#27;[0;39m &amp#27;[32m INFO&amp#27;[0;39m &amp#27;[35m72504&amp#27;[0;39m &amp#27;[2m---&amp#27;[0;39m &amp#27;[2m[starter-service] [           main]&amp#27;[0;39m &amp#27;[2m&amp#27;[0;39m&amp#27;[36mliquibase.util                          &amp#27;[0;39m &amp#27;[2m:&amp#27;[0;39m Previously run:               5
&amp#27;[2m2024-09-16T12:00:24.658+07:00&amp#27;[0;39m &amp#27;[32m INFO&amp#27;[0;39m &amp#27;[35m72504&amp#27;[0;39m &amp#27;[2m---&amp#27;[0;39m &amp#27;[2m[starter-service] [           main]&amp#27;[0;39m &amp#27;[2m&amp#27;[0;39m&amp#27;[36mliquibase.util                          &amp#27;[0;39m &amp#27;[2m:&amp#27;[0;39m Filtered out:                 0
&amp#27;[2m2024-09-16T12:00:24.658+07:00&amp#27;[0;39m &amp#27;[32m INFO&amp#27;[0;39m &amp#27;[35m72504&amp#27;[0;39m &amp#27;[2m---&amp#27;[0;39m &amp#27;[2m[starter-service] [           main]&amp#27;[0;39m &amp#27;[2m&amp#27;[0;39m&amp#27;[36mliquibase.util                          &amp#27;[0;39m &amp#27;[2m:&amp#27;[0;39m -------------------------------
&amp#27;[2m2024-09-16T12:00:24.658+07:00&amp#27;[0;39m &amp#27;[32m INFO&amp#27;[0;39m &amp#27;[35m72504&amp#27;[0;39m &amp#27;[2m---&amp#27;[0;39m &amp#27;[2m[starter-service] [           main]&amp#27;[0;39m &amp#27;[2m&amp#27;[0;39m&amp#27;[36mliquibase.util                          &amp#27;[0;39m &amp#27;[2m:&amp#27;[0;39m Total change sets:            5
&amp#27;[2m2024-09-16T12:00:24.659+07:00&amp#27;[0;39m &amp#27;[32m INFO&amp#27;[0;39m &amp#27;[35m72504&amp#27;[0;39m &amp#27;[2m---&amp#27;[0;39m &amp#27;[2m[starter-service] [           main]&amp#27;[0;39m &amp#27;[2m&amp#27;[0;39m&amp#27;[36mliquibase.util                          &amp#27;[0;39m &amp#27;[2m:&amp#27;[0;39m Update summary generated
&amp#27;[2m2024-09-16T12:00:24.676+07:00&amp#27;[0;39m &amp#27;[32m INFO&amp#27;[0;39m &amp#27;[35m72504&amp#27;[0;39m &amp#27;[2m---&amp#27;[0;39m &amp#27;[2m[starter-service] [           main]&amp#27;[0;39m &amp#27;[2m&amp#27;[0;39m&amp#27;[36mliquibase.lockservice                   &amp#27;[0;39m &amp#27;[2m:&amp#27;[0;39m Successfully released change log lock
&amp#27;[2m2024-09-16T12:00:24.679+07:00&amp#27;[0;39m &amp#27;[32m INFO&amp#27;[0;39m &amp#27;[35m72504&amp#27;[0;39m &amp#27;[2m---&amp#27;[0;39m &amp#27;[2m[starter-service] [           main]&amp#27;[0;39m &amp#27;[2m&amp#27;[0;39m&amp#27;[36mliquibase.command                       &amp#27;[0;39m &amp#27;[2m:&amp#27;[0;39m Command execution complete
&amp#27;[2m2024-09-16T12:00:24.915+07:00&amp#27;[0;39m &amp#27;[32m INFO&amp#27;[0;39m &amp#27;[35m72504&amp#27;[0;39m &amp#27;[2m---&amp#27;[0;39m &amp#27;[2m[starter-service] [           main]&amp#27;[0;39m &amp#27;[2m&amp#27;[0;39m&amp#27;[36mo.hibernate.jpa.internal.util.LogHelper &amp#27;[0;39m &amp#27;[2m:&amp#27;[0;39m HHH000204: Processing PersistenceUnitInfo [name: default]
&amp#27;[2m2024-09-16T12:00:24.951+07:00&amp#27;[0;39m &amp#27;[32m INFO&amp#27;[0;39m &amp#27;[35m72504&amp#27;[0;39m &amp#27;[2m---&amp#27;[0;39m &amp#27;[2m[starter-service] [           main]&amp#27;[0;39m &amp#27;[2m&amp#27;[0;39m&amp#27;[36morg.hibernate.Version                   &amp#27;[0;39m &amp#27;[2m:&amp#27;[0;39m HHH000412: Hibernate ORM core version 6.4.4.Final
&amp#27;[2m2024-09-16T12:00:24.978+07:00&amp#27;[0;39m &amp#27;[32m INFO&amp#27;[0;39m &amp#27;[35m72504&amp#27;[0;39m &amp#27;[2m---&amp#27;[0;39m &amp#27;[2m[starter-service] [           main]&amp#27;[0;39m &amp#27;[2m&amp#27;[0;39m&amp#27;[36mo.h.c.internal.RegionFactoryInitiator   &amp#27;[0;39m &amp#27;[2m:&amp#27;[0;39m HHH000026: Second-level cache disabled
&amp#27;[2m2024-09-16T12:00:25.207+07:00&amp#27;[0;39m &amp#27;[32m INFO&amp#27;[0;39m &amp#27;[35m72504&amp#27;[0;39m &amp#27;[2m---&amp#27;[0;39m &amp#27;[2m[starter-service] [           main]&amp#27;[0;39m &amp#27;[2m&amp#27;[0;39m&amp#27;[36mo.s.o.j.p.SpringPersistenceUnitInfo     &amp#27;[0;39m &amp#27;[2m:&amp#27;[0;39m No LoadTimeWeaver setup: ignoring JPA class transformer
&amp#27;[2m2024-09-16T12:00:27.192+07:00&amp#27;[0;39m &amp#27;[32m INFO&amp#27;[0;39m &amp#27;[35m72504&amp#27;[0;39m &amp#27;[2m---&amp#27;[0;39m &amp#27;[2m[starter-service] [           main]&amp#27;[0;39m &amp#27;[2m&amp#27;[0;39m&amp#27;[36mo.h.e.t.j.p.i.JtaPlatformInitiator      &amp#27;[0;39m &amp#27;[2m:&amp#27;[0;39m HHH000489: No JTA platform available (set 'hibernate.transaction.jta.platform' to enable JTA platform integration)
&amp#27;[2m2024-09-16T12:00:27.199+07:00&amp#27;[0;39m &amp#27;[32m INFO&amp#27;[0;39m &amp#27;[35m72504&amp#27;[0;39m &amp#27;[2m---&amp#27;[0;39m &amp#27;[2m[starter-service] [           main]&amp#27;[0;39m &amp#27;[2m&amp#27;[0;39m&amp#27;[36mj.LocalContainerEntityManagerFactoryBean&amp#27;[0;39m &amp#27;[2m:&amp#27;[0;39m Initialized JPA EntityManagerFactory for persistence unit 'default'
&amp#27;[2m2024-09-16T12:00:28.637+07:00&amp#27;[0;39m &amp#27;[32m INFO&amp#27;[0;39m &amp#27;[35m72504&amp#27;[0;39m &amp#27;[2m---&amp#27;[0;39m &amp#27;[2m[starter-service] [           main]&amp#27;[0;39m &amp#27;[2m&amp#27;[0;39m&amp#27;[36mo.s.d.j.r.query.QueryEnhancerFactory    &amp#27;[0;39m &amp#27;[2m:&amp#27;[0;39m Hibernate is in classpath; If applicable, HQL parser will be used.
&amp#27;[2m2024-09-16T12:00:29.820+07:00&amp#27;[0;39m &amp#27;[32m INFO&amp#27;[0;39m &amp#27;[35m72504&amp#27;[0;39m &amp#27;[2m---&amp#27;[0;39m &amp#27;[2m[starter-service] [           main]&amp#27;[0;39m &amp#27;[2m&amp#27;[0;39m&amp#27;[36morg.mongodb.driver.client               &amp#27;[0;39m &amp#27;[2m:&amp#27;[0;39m MongoClient with metadata {"driver": {"name": "mongo-java-driver|sync|spring-boot", "version": "4.11.2"}, "os": {"type": "Darwin", "name": "Mac OS X", "architecture": "x86_64", "version": "13.6"}, "platform": "Java/Oracle Corporation/22.0.1+8-16"} created with settings MongoClientSettings{readPreference=primary, writeConcern=WriteConcern{w=majority, wTimeout=null ms, journal=null}, retryWrites=true, retryReads=true, readConcern=ReadConcern{level=null}, credential=MongoCredential{mechanism=null, userName='trinhbrt11', source='admin', password=<hidden>, mechanismProperties=<hidden>}, transportSettings=null, streamFactoryFactory=null, commandListeners=[], codecRegistry=ProvidersCodecRegistry{codecProviders=[ValueCodecProvider{}, BsonValueCodecProvider{}, DBRefCodecProvider{}, DBObjectCodecProvider{}, DocumentCodecProvider{}, CollectionCodecProvider{}, IterableCodecProvider{}, MapCodecProvider{}, GeoJsonCodecProvider{}, GridFSFileCodecProvider{}, Jsr310CodecProvider{}, JsonObjectCodecProvider{}, BsonCodecProvider{}, EnumCodecProvider{}, com.mongodb.client.model.mql.ExpressionCodecProvider@d54cc0b, com.mongodb.Jep395RecordCodecProvider@4defc8ca, com.mongodb.KotlinCodecProvider@24fb7b1]}, loggerSettings=LoggerSettings{maxDocumentLength=1000}, clusterSettings={hosts=[127.0.0.1:27017], srvHost=test.lrtjipd.mongodb.net, srvServiceName=mongodb, mode=MULTIPLE, requiredClusterType=REPLICA_SET, requiredReplicaSetName='atlas-13aobb-shard-0', serverSelector='null', clusterListeners='[]', serverSelectionTimeout='30000 ms', localThreshold='15 ms'}, socketSettings=SocketSettings{connectTimeoutMS=10000, readTimeoutMS=0, receiveBufferSize=0, proxySettings=ProxySettings{host=null, port=null, username=null, password=null}}, heartbeatSocketSettings=SocketSettings{connectTimeoutMS=10000, readTimeoutMS=10000, receiveBufferSize=0, proxySettings=ProxySettings{host=null, port=null, username=null, password=null}}, connectionPoolSettings=ConnectionPoolSettings{maxSize=100, minSize=0, maxWaitTimeMS=120000, maxConnectionLifeTimeMS=0, maxConnectionIdleTimeMS=0, maintenanceInitialDelayMS=0, maintenanceFrequencyMS=60000, connectionPoolListeners=[], maxConnecting=2}, serverSettings=ServerSettings{heartbeatFrequencyMS=10000, minHeartbeatFrequencyMS=500, serverListeners='[]', serverMonitorListeners='[]'}, sslSettings=SslSettings{enabled=true, invalidHostNameAllowed=false, context=null}, applicationName='null', compressorList=[], uuidRepresentation=JAVA_LEGACY, serverApi=null, autoEncryptionSettings=null, dnsClient=null, inetAddressResolver=null, contextProvider=null}
&amp#27;[2m2024-09-16T12:00:30.047+07:00&amp#27;[0;39m &amp#27;[32m INFO&amp#27;[0;39m &amp#27;[35m72504&amp#27;[0;39m &amp#27;[2m---&amp#27;[0;39m &amp#27;[2m[starter-service] [ipd.mongodb.net]&amp#27;[0;39m &amp#27;[2m&amp#27;[0;39m&amp#27;[36morg.mongodb.driver.cluster              &amp#27;[0;39m &amp#27;[2m:&amp#27;[0;39m Adding discovered server ac-vrywwwc-shard-00-02.lrtjipd.mongodb.net:27017 to client view of cluster
&amp#27;[2m2024-09-16T12:00:30.080+07:00&amp#27;[0;39m &amp#27;[32m INFO&amp#27;[0;39m &amp#27;[35m72504&amp#27;[0;39m &amp#27;[2m---&amp#27;[0;39m &amp#27;[2m[starter-service] [ipd.mongodb.net]&amp#27;[0;39m &amp#27;[2m&amp#27;[0;39m&amp#27;[36morg.mongodb.driver.cluster              &amp#27;[0;39m &amp#27;[2m:&amp#27;[0;39m Adding discovered server ac-vrywwwc-shard-00-00.lrtjipd.mongodb.net:27017 to client view of cluster
&amp#27;[2m2024-09-16T12:00:30.103+07:00&amp#27;[0;39m &amp#27;[32m INFO&amp#27;[0;39m &amp#27;[35m72504&amp#27;[0;39m &amp#27;[2m---&amp#27;[0;39m &amp#27;[2m[starter-service] [ipd.mongodb.net]&amp#27;[0;39m &amp#27;[2m&amp#27;[0;39m&amp#27;[36morg.mongodb.driver.cluster              &amp#27;[0;39m &amp#27;[2m:&amp#27;[0;39m Adding discovered server ac-vrywwwc-shard-00-01.lrtjipd.mongodb.net:27017 to client view of cluster
&amp#27;[2m2024-09-16T12:00:30.536+07:00&amp#27;[0;39m &amp#27;[32m INFO&amp#27;[0;39m &amp#27;[35m72504&amp#27;[0;39m &amp#27;[2m---&amp#27;[0;39m &amp#27;[2m[starter-service] [           main]&amp#27;[0;39m &amp#27;[2m&amp#27;[0;39m&amp#27;[36mv.d.s.service.impl.P2POrderServiceImpl  &amp#27;[0;39m &amp#27;[2m:&amp#27;[0;39m Load open order in db
&amp#27;[2m2024-09-16T12:00:30.968+07:00&amp#27;[0;39m &amp#27;[33m WARN&amp#27;[0;39m &amp#27;[35m72504&amp#27;[0;39m &amp#27;[2m---&amp#27;[0;39m &amp#27;[2m[starter-service] [           main]&amp#27;[0;39m &amp#27;[2m&amp#27;[0;39m&amp#27;[36m.s.s.UserDetailsServiceAutoConfiguration&amp#27;[0;39m &amp#27;[2m:&amp#27;[0;39m 

Using generated security password: 43b45d2c-3753-4bd3-b1c9-70f54fdc7627

This generated password is for development use only. Your security configuration must be updated before running your application in production.

&amp#27;[2m2024-09-16T12:00:31.569+07:00&amp#27;[0;39m &amp#27;[32m INFO&amp#27;[0;39m &amp#27;[35m72504&amp#27;[0;39m &amp#27;[2m---&amp#27;[0;39m &amp#27;[2m[starter-service] [           main]&amp#27;[0;39m &amp#27;[2m&amp#27;[0;39m&amp#27;[36mo.s.s.web.DefaultSecurityFilterChain    &amp#27;[0;39m &amp#27;[2m:&amp#27;[0;39m Will secure any request with [org.springframework.security.web.session.DisableEncodeUrlFilter@38c2bbd3, org.springframework.security.web.context.request.async.WebAsyncManagerIntegrationFilter@121f1533, org.springframework.security.web.context.SecurityContextHolderFilter@6d0e2a12, org.springframework.security.web.header.HeaderWriterFilter@589c37ef, org.springframework.web.filter.CorsFilter@59db8e7e, org.springframework.security.web.csrf.CsrfFilter@2f024025, org.springframework.security.web.authentication.logout.LogoutFilter@31e0f738, vn.demo.starter.filter.AuthenticationFilter@73797a74, org.springframework.security.web.savedrequest.RequestCacheAwareFilter@430bcbd4, org.springframework.security.web.servletapi.SecurityContextHolderAwareRequestFilter@74f6090c, org.springframework.security.web.authentication.AnonymousAuthenticationFilter@5ec84beb, org.springframework.security.web.session.SessionManagementFilter@4088f5f3, org.springframework.security.web.access.ExceptionTranslationFilter@6f45a719, org.springframework.security.web.access.intercept.AuthorizationFilter@3d02feb6]
&amp#27;[2m2024-09-16T12:00:31.609+07:00&amp#27;[0;39m &amp#27;[33m WARN&amp#27;[0;39m &amp#27;[35m72504&amp#27;[0;39m &amp#27;[2m---&amp#27;[0;39m &amp#27;[2m[starter-service] [           main]&amp#27;[0;39m &amp#27;[2m&amp#27;[0;39m&amp#27;[36mo.s.s.c.a.web.builders.WebSecurity      &amp#27;[0;39m &amp#27;[2m:&amp#27;[0;39m You are asking Spring Security to ignore Ant [pattern='/**', OPTIONS]. This is not recommended -- please use permitAll via HttpSecurity#authorizeHttpRequests instead.
&amp#27;[2m2024-09-16T12:00:31.609+07:00&amp#27;[0;39m &amp#27;[32m INFO&amp#27;[0;39m &amp#27;[35m72504&amp#27;[0;39m &amp#27;[2m---&amp#27;[0;39m &amp#27;[2m[starter-service] [           main]&amp#27;[0;39m &amp#27;[2m&amp#27;[0;39m&amp#27;[36mo.s.s.web.DefaultSecurityFilterChain    &amp#27;[0;39m &amp#27;[2m:&amp#27;[0;39m Will not secure Ant [pattern='/**', OPTIONS]
&amp#27;[2m2024-09-16T12:00:32.036+07:00&amp#27;[0;39m &amp#27;[32m INFO&amp#27;[0;39m &amp#27;[35m72504&amp#27;[0;39m &amp#27;[2m---&amp#27;[0;39m &amp#27;[2m[starter-service] [ngodb.net:27017]&amp#27;[0;39m &amp#27;[2m&amp#27;[0;39m&amp#27;[36morg.mongodb.driver.cluster              &amp#27;[0;39m &amp#27;[2m:&amp#27;[0;39m Monitor thread successfully connected to server with description ServerDescription{address=ac-vrywwwc-shard-00-01.lrtjipd.mongodb.net:27017, type=REPLICA_SET_SECONDARY, state=CONNECTED, ok=true, minWireVersion=0, maxWireVersion=21, maxDocumentSize=16777216, logicalSessionTimeoutMinutes=30, roundTripTimeNanos=1202508542, setName='atlas-13aobb-shard-0', canonicalAddress=ac-vrywwwc-shard-00-01.lrtjipd.mongodb.net:27017, hosts=[ac-vrywwwc-shard-00-02.lrtjipd.mongodb.net:27017, ac-vrywwwc-shard-00-00.lrtjipd.mongodb.net:27017, ac-vrywwwc-shard-00-01.lrtjipd.mongodb.net:27017], passives=[], arbiters=[], primary='ac-vrywwwc-shard-00-02.lrtjipd.mongodb.net:27017', tagSet=TagSet{[Tag{name='availabilityZone', value='use1-az1'}, Tag{name='diskState', value='READY'}, Tag{name='nodeType', value='ELECTABLE'}, Tag{name='provider', value='AWS'}, Tag{name='region', value='US_EAST_1'}, Tag{name='workloadType', value='OPERATIONAL'}]}, electionId=null, setVersion=80, topologyVersion=TopologyVersion{processId=66e3051b45f7d0e4b7ff4dac, counter=3}, lastWriteDate=Mon Sep 16 12:00:31 ICT 2024, lastUpdateTimeNanos=91754394872917}
&amp#27;[2m2024-09-16T12:00:32.037+07:00&amp#27;[0;39m &amp#27;[32m INFO&amp#27;[0;39m &amp#27;[35m72504&amp#27;[0;39m &amp#27;[2m---&amp#27;[0;39m &amp#27;[2m[starter-service] [ngodb.net:27017]&amp#27;[0;39m &amp#27;[2m&amp#27;[0;39m&amp#27;[36morg.mongodb.driver.cluster              &amp#27;[0;39m &amp#27;[2m:&amp#27;[0;39m Monitor thread successfully connected to server with description ServerDescription{address=ac-vrywwwc-shard-00-02.lrtjipd.mongodb.net:27017, type=REPLICA_SET_PRIMARY, state=CONNECTED, ok=true, minWireVersion=0, maxWireVersion=21, maxDocumentSize=16777216, logicalSessionTimeoutMinutes=30, roundTripTimeNanos=1185286375, setName='atlas-13aobb-shard-0', canonicalAddress=ac-vrywwwc-shard-00-02.lrtjipd.mongodb.net:27017, hosts=[ac-vrywwwc-shard-00-02.lrtjipd.mongodb.net:27017, ac-vrywwwc-shard-00-00.lrtjipd.mongodb.net:27017, ac-vrywwwc-shard-00-01.lrtjipd.mongodb.net:27017], passives=[], arbiters=[], primary='ac-vrywwwc-shard-00-02.lrtjipd.mongodb.net:27017', tagSet=TagSet{[Tag{name='availabilityZone', value='use1-az2'}, Tag{name='diskState', value='READY'}, Tag{name='nodeType', value='ELECTABLE'}, Tag{name='provider', value='AWS'}, Tag{name='region', value='US_EAST_1'}, Tag{name='workloadType', value='OPERATIONAL'}]}, electionId=7fffffff0000000000000185, setVersion=80, topologyVersion=TopologyVersion{processId=66e30294b3715ee59474aefd, counter=6}, lastWriteDate=Mon Sep 16 12:00:31 ICT 2024, lastUpdateTimeNanos=91754388362209}
&amp#27;[2m2024-09-16T12:00:32.043+07:00&amp#27;[0;39m &amp#27;[32m INFO&amp#27;[0;39m &amp#27;[35m72504&amp#27;[0;39m &amp#27;[2m---&amp#27;[0;39m &amp#27;[2m[starter-service] [ngodb.net:27017]&amp#27;[0;39m &amp#27;[2m&amp#27;[0;39m&amp#27;[36morg.mongodb.driver.cluster              &amp#27;[0;39m &amp#27;[2m:&amp#27;[0;39m Monitor thread successfully connected to server with description ServerDescription{address=ac-vrywwwc-shard-00-00.lrtjipd.mongodb.net:27017, type=REPLICA_SET_SECONDARY, state=CONNECTED, ok=true, minWireVersion=0, maxWireVersion=21, maxDocumentSize=16777216, logicalSessionTimeoutMinutes=30, roundTripTimeNanos=1134914875, setName='atlas-13aobb-shard-0', canonicalAddress=ac-vrywwwc-shard-00-00.lrtjipd.mongodb.net:27017, hosts=[ac-vrywwwc-shard-00-02.lrtjipd.mongodb.net:27017, ac-vrywwwc-shard-00-00.lrtjipd.mongodb.net:27017, ac-vrywwwc-shard-00-01.lrtjipd.mongodb.net:27017], passives=[], arbiters=[], primary='ac-vrywwwc-shard-00-02.lrtjipd.mongodb.net:27017', tagSet=TagSet{[Tag{name='availabilityZone', value='use1-az6'}, Tag{name='diskState', value='READY'}, Tag{name='nodeType', value='ELECTABLE'}, Tag{name='provider', value='AWS'}, Tag{name='region', value='US_EAST_1'}, Tag{name='workloadType', value='OPERATIONAL'}]}, electionId=null, setVersion=80, topologyVersion=TopologyVersion{processId=66e303f7b902b4c87022ebcf, counter=4}, lastWriteDate=Mon Sep 16 12:00:31 GMT+07:00 2024, lastUpdateTimeNanos=91754389447042}
&amp#27;[2m2024-09-16T12:00:32.049+07:00&amp#27;[0;39m &amp#27;[32m INFO&amp#27;[0;39m &amp#27;[35m72504&amp#27;[0;39m &amp#27;[2m---&amp#27;[0;39m &amp#27;[2m[starter-service] [ngodb.net:27017]&amp#27;[0;39m &amp#27;[2m&amp#27;[0;39m&amp#27;[36morg.mongodb.driver.cluster              &amp#27;[0;39m &amp#27;[2m:&amp#27;[0;39m Discovered replica set primary ac-vrywwwc-shard-00-02.lrtjipd.mongodb.net:27017 with max election id 7fffffff0000000000000185 and max set version 80
&amp#27;[2m2024-09-16T12:00:32.578+07:00&amp#27;[0;39m &amp#27;[32m INFO&amp#27;[0;39m &amp#27;[35m72504&amp#27;[0;39m &amp#27;[2m---&amp#27;[0;39m &amp#27;[2m[starter-service] [           main]&amp#27;[0;39m &amp#27;[2m&amp#27;[0;39m&amp#27;[36mv.demo.starter.StarterApplicationTests  &amp#27;[0;39m &amp#27;[2m:&amp#27;[0;39m Started StarterApplicationTests in 14.607 seconds (process running for 16.346)
]]></system-out>
    <system-err><![CDATA[WARNING: A Java agent has been loaded dynamically (/Users/trinh/.m2/repository/net/bytebuddy/byte-buddy-agent/1.14.13/byte-buddy-agent-1.14.13.jar)
WARNING: If a serviceability tool is in use, please run with -XX:+EnableDynamicAgentLoading to hide this warning
WARNING: If a serviceability tool is not in use, please run with -Djdk.instrument.traceUsage for more information
WARNING: Dynamic loading of agents will be disallowed by default in a future release
]]></system-err>
  </testcase>
</testsuite>